2025-12-07T01:36:18.343+07:00  INFO 6504 --- [minimarketpos] [restartedMain] c.p.m.MinimarketposApplication           : Starting MinimarketposApplication using Java 25 with PID 6504 (E:\minimarketpos\target\classes started by CrownButter in E:\minimarketpos)
2025-12-07T01:36:18.373+07:00  INFO 6504 --- [minimarketpos] [restartedMain] c.p.m.MinimarketposApplication           : No active profile set, falling back to 1 default profile: "default"
2025-12-07T01:36:18.453+07:00  INFO 6504 --- [minimarketpos] [restartedMain] .e.DevToolsPropertyDefaultsPostProcessor : Devtools property defaults active! Set 'spring.devtools.add-properties' to 'false' to disable
2025-12-07T01:36:18.453+07:00  INFO 6504 --- [minimarketpos] [restartedMain] .e.DevToolsPropertyDefaultsPostProcessor : For additional web related logging consider setting the 'logging.level.web' property to 'DEBUG'
2025-12-07T01:36:20.925+07:00  INFO 6504 --- [minimarketpos] [restartedMain] .s.d.r.c.RepositoryConfigurationDelegate : Bootstrapping Spring Data JPA repositories in DEFAULT mode.
2025-12-07T01:36:21.056+07:00  INFO 6504 --- [minimarketpos] [restartedMain] .s.d.r.c.RepositoryConfigurationDelegate : Finished Spring Data repository scanning in 119 ms. Found 20 JPA repository interfaces.
2025-12-07T01:36:22.322+07:00  INFO 6504 --- [minimarketpos] [restartedMain] o.s.boot.tomcat.TomcatWebServer          : Tomcat initialized with port 8080 (http)
2025-12-07T01:36:22.337+07:00  INFO 6504 --- [minimarketpos] [restartedMain] o.apache.catalina.core.StandardService   : Starting service [Tomcat]
2025-12-07T01:36:22.338+07:00  INFO 6504 --- [minimarketpos] [restartedMain] o.apache.catalina.core.StandardEngine    : Starting Servlet engine: [Apache Tomcat/11.0.14]
2025-12-07T01:36:22.400+07:00  INFO 6504 --- [minimarketpos] [restartedMain] b.w.c.s.WebApplicationContextInitializer : Root WebApplicationContext: initialization completed in 3944 ms
2025-12-07T01:36:22.714+07:00  INFO 6504 --- [minimarketpos] [restartedMain] o.hibernate.jpa.internal.util.LogHelper  : HHH000204: Processing PersistenceUnitInfo [name: default]
2025-12-07T01:36:22.779+07:00  INFO 6504 --- [minimarketpos] [restartedMain] org.hibernate.Version                    : HHH000412: Hibernate ORM core version 7.1.8.Final
2025-12-07T01:36:23.400+07:00  INFO 6504 --- [minimarketpos] [restartedMain] o.s.o.j.p.SpringPersistenceUnitInfo      : No LoadTimeWeaver setup: ignoring JPA class transformer
2025-12-07T01:36:23.440+07:00  INFO 6504 --- [minimarketpos] [restartedMain] com.zaxxer.hikari.HikariDataSource       : HikariPool-1 - Starting...
2025-12-07T01:36:23.635+07:00  INFO 6504 --- [minimarketpos] [restartedMain] com.zaxxer.hikari.pool.HikariPool        : HikariPool-1 - Added connection com.mysql.cj.jdbc.ConnectionImpl@75251430
2025-12-07T01:36:23.637+07:00  INFO 6504 --- [minimarketpos] [restartedMain] com.zaxxer.hikari.HikariDataSource       : HikariPool-1 - Start completed.
2025-12-07T01:36:23.701+07:00  WARN 6504 --- [minimarketpos] [restartedMain] org.hibernate.orm.deprecation            : HHH90000025: MySQLDialect does not need to be specified explicitly using 'hibernate.dialect' (remove the property setting and it will be selected by default)
2025-12-07T01:36:23.718+07:00  INFO 6504 --- [minimarketpos] [restartedMain] org.hibernate.orm.connections.pooling    : HHH10001005: Database info:
	Database JDBC URL [jdbc:mysql://localhost:3306/kop_pol?useSSL=false&serverTimezone=UTC&allowPublicKeyRetrieval=true]
	Database driver: MySQL Connector/J
	Database dialect: MySQLDialect
	Database version: 8.4.3
	Default catalog/schema: kop_pol/undefined
	Autocommit mode: undefined/unknown
	Isolation level: REPEATABLE_READ [default REPEATABLE_READ]
	JDBC fetch size: none
	Pool: DatasourceConnectionProviderImpl
	Minimum pool size: undefined/unknown
	Maximum pool size: undefined/unknown
2025-12-07T01:36:25.231+07:00  INFO 6504 --- [minimarketpos] [restartedMain] o.h.e.t.j.p.i.JtaPlatformInitiator       : HHH000489: No JTA platform available (set 'hibernate.transaction.jta.platform' to enable JTA platform integration)
2025-12-07T01:36:25.309+07:00 DEBUG 6504 --- [minimarketpos] [restartedMain] org.hibernate.SQL                        : 
    alter table cashflows 
       modify column flow_type enum ('INFLOW','OUTFLOW') not null
2025-12-07T01:36:25.402+07:00  INFO 6504 --- [minimarketpos] [restartedMain] j.LocalContainerEntityManagerFactoryBean : Initialized JPA EntityManagerFactory for persistence unit 'default'
2025-12-07T01:36:25.631+07:00  INFO 6504 --- [minimarketpos] [restartedMain] o.s.d.j.r.query.QueryEnhancerFactories   : Hibernate is in classpath; If applicable, HQL parser will be used.
2025-12-07T01:36:25.916+07:00 DEBUG 6504 --- [minimarketpos] [restartedMain] o.s.w.f.ServerHttpObservationFilter      : Filter 'webMvcObservationFilter' configured for use
2025-12-07T01:36:25.986+07:00  INFO 6504 --- [minimarketpos] [restartedMain] eAuthenticationProviderManagerConfigurer : Global AuthenticationManager configured with AuthenticationProvider bean with name authenticationProvider
2025-12-07T01:36:25.987+07:00  WARN 6504 --- [minimarketpos] [restartedMain] r$InitializeUserDetailsManagerConfigurer : Global AuthenticationManager configured with an AuthenticationProvider bean. UserDetailsService beans will not be used by Spring Security for automatically configuring username/password login. Consider removing the AuthenticationProvider bean. Alternatively, consider using the UserDetailsService in a manually instantiated DaoAuthenticationProvider. If the current configuration is intentional, to turn off this warning, increase the logging level of 'org.springframework.security.config.annotation.authentication.configuration.InitializeUserDetailsBeanManagerConfigurer' to ERROR
2025-12-07T01:36:28.000+07:00 DEBUG 6504 --- [minimarketpos] [restartedMain] s.w.s.m.m.a.RequestMappingHandlerMapping : 106 mappings in 'requestMappingHandlerMapping'
2025-12-07T01:36:28.041+07:00 DEBUG 6504 --- [minimarketpos] [restartedMain] o.s.w.s.handler.SimpleUrlHandlerMapping  : Patterns [/webjars/**, /**] in 'resourceHandlerMapping'
2025-12-07T01:36:28.171+07:00  INFO 6504 --- [minimarketpos] [restartedMain] o.s.b.a.e.web.EndpointLinksResolver      : Exposing 3 endpoints beneath base path '/actuator'
2025-12-07T01:36:28.199+07:00 DEBUG 6504 --- [minimarketpos] [restartedMain] o.s.s.web.DefaultSecurityFilterChain     : Will secure any request with filters: DisableEncodeUrlFilter, WebAsyncManagerIntegrationFilter, SecurityContextHolderFilter, HeaderWriterFilter, CorsFilter, LogoutFilter, JwtAuthenticationFilter, RequestCacheAwareFilter, SecurityContextHolderAwareRequestFilter, AnonymousAuthenticationFilter, SessionManagementFilter, ExceptionTranslationFilter, AuthorizationFilter
2025-12-07T01:36:28.345+07:00 DEBUG 6504 --- [minimarketpos] [restartedMain] s.w.s.m.m.a.RequestMappingHandlerAdapter : ControllerAdvice beans: 0 @ModelAttribute, 0 @InitBinder, 1 RequestBodyAdvice, 1 ResponseBodyAdvice
2025-12-07T01:36:28.403+07:00  WARN 6504 --- [minimarketpos] [restartedMain] ion$DefaultTemplateResolverConfiguration : Cannot find template location: classpath:/templates/ (please add some templates, check your Thymeleaf configuration, or set spring.thymeleaf.check-template-location=false)
2025-12-07T01:36:28.438+07:00 DEBUG 6504 --- [minimarketpos] [restartedMain] .m.m.a.ExceptionHandlerExceptionResolver : ControllerAdvice beans: 1 @ExceptionHandler, 1 ResponseBodyAdvice
2025-12-07T01:36:28.733+07:00  INFO 6504 --- [minimarketpos] [restartedMain] o.s.boot.tomcat.TomcatWebServer          : Tomcat started on port 8080 (http) with context path '/'
2025-12-07T01:36:28.741+07:00  INFO 6504 --- [minimarketpos] [restartedMain] c.p.m.MinimarketposApplication           : Started MinimarketposApplication in 11.195 seconds (process running for 12.239)
2025-12-07T01:37:05.821+07:00  INFO 6504 --- [minimarketpos] [http-nio-8080-exec-1] o.a.c.c.C.[Tomcat].[localhost].[/]       : Initializing Spring DispatcherServlet 'dispatcherServlet'
2025-12-07T01:37:05.822+07:00  INFO 6504 --- [minimarketpos] [http-nio-8080-exec-1] o.s.web.servlet.DispatcherServlet        : Initializing Servlet 'dispatcherServlet'
2025-12-07T01:37:05.822+07:00 DEBUG 6504 --- [minimarketpos] [http-nio-8080-exec-1] o.s.web.servlet.DispatcherServlet        : Detected StandardServletMultipartResolver
2025-12-07T01:37:05.822+07:00 DEBUG 6504 --- [minimarketpos] [http-nio-8080-exec-1] o.s.web.servlet.DispatcherServlet        : Detected AcceptHeaderLocaleResolver
2025-12-07T01:37:05.824+07:00 DEBUG 6504 --- [minimarketpos] [http-nio-8080-exec-1] o.s.web.servlet.DispatcherServlet        : Detected org.springframework.web.servlet.view.DefaultRequestToViewNameTranslator@2d38f86e
2025-12-07T01:37:05.825+07:00 DEBUG 6504 --- [minimarketpos] [http-nio-8080-exec-1] o.s.web.servlet.DispatcherServlet        : Detected org.springframework.web.servlet.support.SessionFlashMapManager@3a46d487
2025-12-07T01:37:05.826+07:00 DEBUG 6504 --- [minimarketpos] [http-nio-8080-exec-1] o.s.web.servlet.DispatcherServlet        : enableLoggingRequestDetails='false': request parameters and headers will be masked to prevent unsafe logging of potentially sensitive data
2025-12-07T01:37:05.826+07:00  INFO 6504 --- [minimarketpos] [http-nio-8080-exec-1] o.s.web.servlet.DispatcherServlet        : Completed initialization in 4 ms
2025-12-07T01:37:05.844+07:00 DEBUG 6504 --- [minimarketpos] [http-nio-8080-exec-1] o.s.security.web.FilterChainProxy        : Securing GET /api/products
2025-12-07T01:37:05.858+07:00  WARN 6504 --- [minimarketpos] [http-nio-8080-exec-1] o.s.w.s.h.HandlerMappingIntrospector     : Cache miss for REQUEST dispatch to '/api/products' (previous null). Performing CorsConfiguration lookup. This is logged once only at WARN level, and every time at TRACE.
2025-12-07T01:37:05.894+07:00 DEBUG 6504 --- [minimarketpos] [http-nio-8080-exec-1] o.s.s.w.a.AnonymousAuthenticationFilter  : Set SecurityContextHolder to anonymous SecurityContext
2025-12-07T01:37:05.903+07:00 DEBUG 6504 --- [minimarketpos] [http-nio-8080-exec-1] o.s.s.w.a.Http403ForbiddenEntryPoint     : Pre-authenticated entry point called. Rejecting access
2025-12-07T01:37:05.914+07:00 DEBUG 6504 --- [minimarketpos] [http-nio-8080-exec-1] o.s.security.web.FilterChainProxy        : Securing GET /error
2025-12-07T01:37:05.917+07:00 DEBUG 6504 --- [minimarketpos] [http-nio-8080-exec-1] o.s.security.web.FilterChainProxy        : Secured GET /error
2025-12-07T01:37:05.921+07:00 DEBUG 6504 --- [minimarketpos] [http-nio-8080-exec-1] o.s.web.servlet.DispatcherServlet        : "ERROR" dispatch for GET "/error", parameters={}
2025-12-07T01:37:05.924+07:00 DEBUG 6504 --- [minimarketpos] [http-nio-8080-exec-1] s.w.s.m.m.a.RequestMappingHandlerMapping : Mapped to org.springframework.boot.webmvc.autoconfigure.error.BasicErrorController#error(HttpServletRequest)
2025-12-07T01:37:05.943+07:00 DEBUG 6504 --- [minimarketpos] [http-nio-8080-exec-1] o.s.w.s.m.m.a.HttpEntityMethodProcessor  : Using 'application/json', given [application/json, text/plain, */*] and supported [application/json, application/*+json]
2025-12-07T01:37:05.945+07:00 DEBUG 6504 --- [minimarketpos] [http-nio-8080-exec-1] o.s.w.s.m.m.a.HttpEntityMethodProcessor  : Writing [{timestamp=Sun Dec 07 01:37:05 WIB 2025, status=403, error=Forbidden, message=Forbidden, path=/api/p (truncated)...]
2025-12-07T01:37:05.981+07:00 DEBUG 6504 --- [minimarketpos] [http-nio-8080-exec-1] o.s.web.servlet.DispatcherServlet        : Exiting from "ERROR" dispatch, status 403
2025-12-07T01:37:05.981+07:00 DEBUG 6504 --- [minimarketpos] [http-nio-8080-exec-1] o.s.s.w.a.AnonymousAuthenticationFilter  : Set SecurityContextHolder to anonymous SecurityContext
2025-12-07T01:37:08.997+07:00 DEBUG 6504 --- [minimarketpos] [http-nio-8080-exec-2] o.s.security.web.FilterChainProxy        : Securing GET /api/products
2025-12-07T01:37:09.002+07:00 DEBUG 6504 --- [minimarketpos] [http-nio-8080-exec-2] o.s.s.w.a.AnonymousAuthenticationFilter  : Set SecurityContextHolder to anonymous SecurityContext
2025-12-07T01:37:09.003+07:00 DEBUG 6504 --- [minimarketpos] [http-nio-8080-exec-2] o.s.s.w.a.Http403ForbiddenEntryPoint     : Pre-authenticated entry point called. Rejecting access
2025-12-07T01:37:09.004+07:00 DEBUG 6504 --- [minimarketpos] [http-nio-8080-exec-2] o.s.security.web.FilterChainProxy        : Securing GET /error
2025-12-07T01:37:09.006+07:00 DEBUG 6504 --- [minimarketpos] [http-nio-8080-exec-2] o.s.security.web.FilterChainProxy        : Secured GET /error
2025-12-07T01:37:09.006+07:00 DEBUG 6504 --- [minimarketpos] [http-nio-8080-exec-2] o.s.web.servlet.DispatcherServlet        : "ERROR" dispatch for GET "/error", parameters={}
2025-12-07T01:37:09.007+07:00 DEBUG 6504 --- [minimarketpos] [http-nio-8080-exec-2] s.w.s.m.m.a.RequestMappingHandlerMapping : Mapped to org.springframework.boot.webmvc.autoconfigure.error.BasicErrorController#error(HttpServletRequest)
2025-12-07T01:37:09.008+07:00 DEBUG 6504 --- [minimarketpos] [http-nio-8080-exec-2] o.s.w.s.m.m.a.HttpEntityMethodProcessor  : Using 'application/json', given [application/json, text/plain, */*] and supported [application/json, application/*+json]
2025-12-07T01:37:09.008+07:00 DEBUG 6504 --- [minimarketpos] [http-nio-8080-exec-2] o.s.w.s.m.m.a.HttpEntityMethodProcessor  : Writing [{timestamp=Sun Dec 07 01:37:09 WIB 2025, status=403, error=Forbidden, message=Forbidden, path=/api/p (truncated)...]
2025-12-07T01:37:09.009+07:00 DEBUG 6504 --- [minimarketpos] [http-nio-8080-exec-2] o.s.web.servlet.DispatcherServlet        : Exiting from "ERROR" dispatch, status 403
2025-12-07T01:37:09.010+07:00 DEBUG 6504 --- [minimarketpos] [http-nio-8080-exec-2] o.s.s.w.a.AnonymousAuthenticationFilter  : Set SecurityContextHolder to anonymous SecurityContext
2025-12-07T01:37:09.554+07:00 DEBUG 6504 --- [minimarketpos] [http-nio-8080-exec-3] o.s.security.web.FilterChainProxy        : Securing GET /api/sales
2025-12-07T01:37:09.557+07:00 DEBUG 6504 --- [minimarketpos] [http-nio-8080-exec-3] o.s.s.w.a.AnonymousAuthenticationFilter  : Set SecurityContextHolder to anonymous SecurityContext
2025-12-07T01:37:09.558+07:00 DEBUG 6504 --- [minimarketpos] [http-nio-8080-exec-3] o.s.s.w.a.Http403ForbiddenEntryPoint     : Pre-authenticated entry point called. Rejecting access
2025-12-07T01:37:09.560+07:00 DEBUG 6504 --- [minimarketpos] [http-nio-8080-exec-3] o.s.security.web.FilterChainProxy        : Securing GET /error
2025-12-07T01:37:09.561+07:00 DEBUG 6504 --- [minimarketpos] [http-nio-8080-exec-3] o.s.security.web.FilterChainProxy        : Secured GET /error
2025-12-07T01:37:09.561+07:00 DEBUG 6504 --- [minimarketpos] [http-nio-8080-exec-3] o.s.web.servlet.DispatcherServlet        : "ERROR" dispatch for GET "/error", parameters={}
2025-12-07T01:37:09.562+07:00 DEBUG 6504 --- [minimarketpos] [http-nio-8080-exec-3] s.w.s.m.m.a.RequestMappingHandlerMapping : Mapped to org.springframework.boot.webmvc.autoconfigure.error.BasicErrorController#error(HttpServletRequest)
2025-12-07T01:37:09.563+07:00 DEBUG 6504 --- [minimarketpos] [http-nio-8080-exec-3] o.s.w.s.m.m.a.HttpEntityMethodProcessor  : Using 'application/json', given [application/json, text/plain, */*] and supported [application/json, application/*+json]
2025-12-07T01:37:09.563+07:00 DEBUG 6504 --- [minimarketpos] [http-nio-8080-exec-3] o.s.w.s.m.m.a.HttpEntityMethodProcessor  : Writing [{timestamp=Sun Dec 07 01:37:09 WIB 2025, status=403, error=Forbidden, message=Forbidden, path=/api/s (truncated)...]
2025-12-07T01:37:09.564+07:00 DEBUG 6504 --- [minimarketpos] [http-nio-8080-exec-3] o.s.web.servlet.DispatcherServlet        : Exiting from "ERROR" dispatch, status 403
2025-12-07T01:37:09.565+07:00 DEBUG 6504 --- [minimarketpos] [http-nio-8080-exec-3] o.s.s.w.a.AnonymousAuthenticationFilter  : Set SecurityContextHolder to anonymous SecurityContext
2025-12-07T01:37:16.328+07:00 DEBUG 6504 --- [minimarketpos] [http-nio-8080-exec-4] o.s.security.web.FilterChainProxy        : Securing OPTIONS /api/auth/login
2025-12-07T01:37:16.335+07:00 DEBUG 6504 --- [minimarketpos] [http-nio-8080-exec-5] o.s.security.web.FilterChainProxy        : Securing POST /api/auth/login
2025-12-07T01:37:16.337+07:00 DEBUG 6504 --- [minimarketpos] [http-nio-8080-exec-5] o.s.s.w.a.AnonymousAuthenticationFilter  : Set SecurityContextHolder to anonymous SecurityContext
2025-12-07T01:37:16.337+07:00 DEBUG 6504 --- [minimarketpos] [http-nio-8080-exec-5] o.s.security.web.FilterChainProxy        : Secured POST /api/auth/login
2025-12-07T01:37:16.338+07:00 DEBUG 6504 --- [minimarketpos] [http-nio-8080-exec-5] o.s.web.servlet.DispatcherServlet        : POST "/api/auth/login", parameters={}
2025-12-07T01:37:16.338+07:00 DEBUG 6504 --- [minimarketpos] [http-nio-8080-exec-5] s.w.s.m.m.a.RequestMappingHandlerMapping : Mapped to com.pos.minimarketpos.controller.AuthController#login(LoginRequest)
2025-12-07T01:37:16.411+07:00 DEBUG 6504 --- [minimarketpos] [http-nio-8080-exec-5] m.m.a.RequestResponseBodyMethodProcessor : Read "application/json;charset=UTF-8" to [LoginRequest(username=admin, password=admin123)]
2025-12-07T01:37:16.850+07:00 DEBUG 6504 --- [minimarketpos] [http-nio-8080-exec-5] org.hibernate.SQL                        : 
    /* SELECT
        u 
    FROM
        User u 
    WHERE
        u.username = :username */ select
            u1_0.id,
            u1_0.avatar,
            u1_0.created_at,
            u1_0.email,
            u1_0.firstname,
            u1_0.hashed_password,
            u1_0.is_active,
            u1_0.last_active,
            u1_0.lastname,
            u1_0.phone,
            u1_0.role,
            u1_0.username 
        from
            users u1_0 
        where
            u1_0.username=?
2025-12-07T01:37:17.188+07:00 DEBUG 6504 --- [minimarketpos] [http-nio-8080-exec-5] o.s.s.a.dao.DaoAuthenticationProvider    : Authenticated user
2025-12-07T01:37:17.316+07:00 DEBUG 6504 --- [minimarketpos] [http-nio-8080-exec-5] org.hibernate.SQL                        : 
    /* SELECT
        u 
    FROM
        User u 
    WHERE
        u.username = :username */ select
            u1_0.id,
            u1_0.avatar,
            u1_0.created_at,
            u1_0.email,
            u1_0.firstname,
            u1_0.hashed_password,
            u1_0.is_active,
            u1_0.last_active,
            u1_0.lastname,
            u1_0.phone,
            u1_0.role,
            u1_0.username 
        from
            users u1_0 
        where
            u1_0.username=?
2025-12-07T01:37:17.345+07:00 DEBUG 6504 --- [minimarketpos] [http-nio-8080-exec-5] org.hibernate.SQL                        : 
    /* update
        
    for
        com.pos.minimarketpos.model.User */update users 
    set
        avatar=?,
        created_at=?,
        email=?,
        firstname=?,
        hashed_password=?,
        is_active=?,
        last_active=?,
        lastname=?,
        phone=?,
        role=?,
        username=? 
    where
        id=?
2025-12-07T01:37:17.365+07:00 DEBUG 6504 --- [minimarketpos] [http-nio-8080-exec-5] o.s.w.s.m.m.a.HttpEntityMethodProcessor  : Using 'application/json', given [application/json, text/plain, */*] and supported [application/json, application/*+json]
2025-12-07T01:37:17.365+07:00 DEBUG 6504 --- [minimarketpos] [http-nio-8080-exec-5] o.s.w.s.m.m.a.HttpEntityMethodProcessor  : Writing [AuthResponse(token=eyJhbGciOiJIUzM4NCJ9.eyJzdWIiOiJhZG1pbiIsImlhdCI6MTc2NTA0NjIzNywiZXhwIjoxNzY1MTMy (truncated)...]
2025-12-07T01:37:17.377+07:00 DEBUG 6504 --- [minimarketpos] [http-nio-8080-exec-5] o.s.web.servlet.DispatcherServlet        : Completed 200 OK
2025-12-07T01:37:25.104+07:00 DEBUG 6504 --- [minimarketpos] [http-nio-8080-exec-6] o.s.security.web.FilterChainProxy        : Securing OPTIONS /api/products
2025-12-07T01:37:25.117+07:00 DEBUG 6504 --- [minimarketpos] [http-nio-8080-exec-7] o.s.security.web.FilterChainProxy        : Securing GET /api/products
2025-12-07T01:37:25.165+07:00 DEBUG 6504 --- [minimarketpos] [http-nio-8080-exec-7] org.hibernate.SQL                        : 
    /* SELECT
        u 
    FROM
        User u 
    WHERE
        u.username = :username */ select
            u1_0.id,
            u1_0.avatar,
            u1_0.created_at,
            u1_0.email,
            u1_0.firstname,
            u1_0.hashed_password,
            u1_0.is_active,
            u1_0.last_active,
            u1_0.lastname,
            u1_0.phone,
            u1_0.role,
            u1_0.username 
        from
            users u1_0 
        where
            u1_0.username=?
2025-12-07T01:37:25.170+07:00 DEBUG 6504 --- [minimarketpos] [http-nio-8080-exec-7] o.s.security.web.FilterChainProxy        : Secured GET /api/products
2025-12-07T01:37:25.171+07:00 DEBUG 6504 --- [minimarketpos] [http-nio-8080-exec-7] o.s.web.servlet.DispatcherServlet        : GET "/api/products", parameters={}
2025-12-07T01:37:25.171+07:00 DEBUG 6504 --- [minimarketpos] [http-nio-8080-exec-7] s.w.s.m.m.a.RequestMappingHandlerMapping : Mapped to com.pos.minimarketpos.controller.ProductController#getAllProducts(String, String)
2025-12-07T01:37:25.189+07:00 DEBUG 6504 --- [minimarketpos] [http-nio-8080-exec-7] org.hibernate.SQL                        : 
    /* <criteria> */ select
        p1_0.id,
        p1_0.alertqt,
        p1_0.category,
        p1_0.code,
        p1_0.color,
        p1_0.cost,
        p1_0.created_at,
        p1_0.description,
        p1_0.h_stores,
        p1_0.modified_at,
        p1_0.name,
        p1_0.photo,
        p1_0.photothumb,
        p1_0.price,
        p1_0.supplier,
        p1_0.tax,
        p1_0.taxmethod,
        p1_0.type,
        p1_0.unit 
    from
        products p1_0
2025-12-07T01:37:25.219+07:00 DEBUG 6504 --- [minimarketpos] [http-nio-8080-exec-7] org.hibernate.SQL                        : 
    /* SELECT
        s 
    FROM
        Stock s 
    WHERE
        s.productId = :productId */ select
            s1_0.id,
            s1_0.price,
            s1_0.product_id,
            s1_0.quantity,
            s1_0.store_id,
            s1_0.warehouse_id 
        from
            stocks s1_0 
        where
            s1_0.product_id=?
2025-12-07T01:37:25.225+07:00 DEBUG 6504 --- [minimarketpos] [http-nio-8080-exec-7] org.hibernate.SQL                        : 
    /* SELECT
        s 
    FROM
        Stock s 
    WHERE
        s.productId = :productId */ select
            s1_0.id,
            s1_0.price,
            s1_0.product_id,
            s1_0.quantity,
            s1_0.store_id,
            s1_0.warehouse_id 
        from
            stocks s1_0 
        where
            s1_0.product_id=?
2025-12-07T01:37:25.228+07:00 DEBUG 6504 --- [minimarketpos] [http-nio-8080-exec-7] o.s.w.s.m.m.a.HttpEntityMethodProcessor  : Using 'application/json', given [application/json, text/plain, */*] and supported [application/json, application/*+json]
2025-12-07T01:37:25.230+07:00 DEBUG 6504 --- [minimarketpos] [http-nio-8080-exec-7] o.s.w.s.m.m.a.HttpEntityMethodProcessor  : Writing [[ProductDTO(id=1, code=899100100, name=Kopi Susu 250ml, category=Minuman, cost=5000.00, price=8000.0 (truncated)...]
2025-12-07T01:37:25.236+07:00 DEBUG 6504 --- [minimarketpos] [http-nio-8080-exec-7] o.s.web.servlet.DispatcherServlet        : Completed 200 OK
2025-12-07T01:37:25.683+07:00 DEBUG 6504 --- [minimarketpos] [http-nio-8080-exec-8] o.s.security.web.FilterChainProxy        : Securing OPTIONS /api/sales
2025-12-07T01:37:25.690+07:00 DEBUG 6504 --- [minimarketpos] [http-nio-8080-exec-9] o.s.security.web.FilterChainProxy        : Securing GET /api/sales
2025-12-07T01:37:25.695+07:00 DEBUG 6504 --- [minimarketpos] [http-nio-8080-exec-9] org.hibernate.SQL                        : 
    /* SELECT
        u 
    FROM
        User u 
    WHERE
        u.username = :username */ select
            u1_0.id,
            u1_0.avatar,
            u1_0.created_at,
            u1_0.email,
            u1_0.firstname,
            u1_0.hashed_password,
            u1_0.is_active,
            u1_0.last_active,
            u1_0.lastname,
            u1_0.phone,
            u1_0.role,
            u1_0.username 
        from
            users u1_0 
        where
            u1_0.username=?
2025-12-07T01:37:25.698+07:00 DEBUG 6504 --- [minimarketpos] [http-nio-8080-exec-9] o.s.security.web.FilterChainProxy        : Secured GET /api/sales
2025-12-07T01:37:25.698+07:00 DEBUG 6504 --- [minimarketpos] [http-nio-8080-exec-9] o.s.web.servlet.DispatcherServlet        : GET "/api/sales", parameters={}
2025-12-07T01:37:25.699+07:00 DEBUG 6504 --- [minimarketpos] [http-nio-8080-exec-9] s.w.s.m.m.a.RequestMappingHandlerMapping : Mapped to com.pos.minimarketpos.controller.SalesController#getAllSales()
2025-12-07T01:37:25.700+07:00 DEBUG 6504 --- [minimarketpos] [http-nio-8080-exec-9] horizationManagerBeforeMethodInterceptor : Authorizing method invocation ReflectiveMethodInvocation: public org.springframework.http.ResponseEntity com.pos.minimarketpos.controller.SalesController.getAllSales(); target is of class [com.pos.minimarketpos.controller.SalesController]
2025-12-07T01:37:25.741+07:00 DEBUG 6504 --- [minimarketpos] [http-nio-8080-exec-9] horizationManagerBeforeMethodInterceptor : Authorized method invocation ReflectiveMethodInvocation: public org.springframework.http.ResponseEntity com.pos.minimarketpos.controller.SalesController.getAllSales(); target is of class [com.pos.minimarketpos.controller.SalesController]
2025-12-07T01:37:25.743+07:00 DEBUG 6504 --- [minimarketpos] [http-nio-8080-exec-9] org.hibernate.SQL                        : 
    /* <criteria> */ select
        s1_0.id,
        s1_0.client_id,
        s1_0.clientname,
        s1_0.cost,
        s1_0.created_at,
        s1_0.created_by,
        s1_0.discount,
        s1_0.discountamount,
        s1_0.firstpayement,
        s1_0.modified_at,
        s1_0.paid,
        s1_0.paidmethod,
        s1_0.register_id,
        s1_0.status,
        s1_0.subtotal,
        s1_0.tax,
        s1_0.taxamount,
        s1_0.total,
        s1_0.totalitems 
    from
        sales s1_0
2025-12-07T01:37:25.764+07:00 DEBUG 6504 --- [minimarketpos] [http-nio-8080-exec-9] o.s.w.s.m.m.a.HttpEntityMethodProcessor  : Using 'application/json', given [application/json, text/plain, */*] and supported [application/json, application/*+json]
2025-12-07T01:37:25.767+07:00 DEBUG 6504 --- [minimarketpos] [http-nio-8080-exec-9] o.s.w.s.m.m.a.HttpEntityMethodProcessor  : Writing [[SaleDTO(id=5, clientId=1, clientname=Walk-in Customer, cost=45000.00, subtotal=16000.00, tax=0, tax (truncated)...]
2025-12-07T01:37:25.771+07:00 DEBUG 6504 --- [minimarketpos] [http-nio-8080-exec-9] o.s.web.servlet.DispatcherServlet        : Completed 200 OK
2025-12-07T01:37:26.864+07:00 DEBUG 6504 --- [minimarketpos] [http-nio-8080-exec-10] o.s.security.web.FilterChainProxy        : Securing OPTIONS /api/expenses
2025-12-07T01:37:26.864+07:00 DEBUG 6504 --- [minimarketpos] [http-nio-8080-exec-1] o.s.security.web.FilterChainProxy        : Securing OPTIONS /api/expenses/monthly-total?year=2025&month=12
2025-12-07T01:37:26.872+07:00 DEBUG 6504 --- [minimarketpos] [http-nio-8080-exec-2] o.s.security.web.FilterChainProxy        : Securing GET /api/expenses
2025-12-07T01:37:26.875+07:00 DEBUG 6504 --- [minimarketpos] [http-nio-8080-exec-3] o.s.security.web.FilterChainProxy        : Securing GET /api/expenses/monthly-total?year=2025&month=12
2025-12-07T01:37:26.877+07:00 DEBUG 6504 --- [minimarketpos] [http-nio-8080-exec-2] org.hibernate.SQL                        : 
    /* SELECT
        u 
    FROM
        User u 
    WHERE
        u.username = :username */ select
            u1_0.id,
            u1_0.avatar,
            u1_0.created_at,
            u1_0.email,
            u1_0.firstname,
            u1_0.hashed_password,
            u1_0.is_active,
            u1_0.last_active,
            u1_0.lastname,
            u1_0.phone,
            u1_0.role,
            u1_0.username 
        from
            users u1_0 
        where
            u1_0.username=?
2025-12-07T01:37:26.878+07:00 DEBUG 6504 --- [minimarketpos] [http-nio-8080-exec-3] org.hibernate.SQL                        : 
    /* SELECT
        u 
    FROM
        User u 
    WHERE
        u.username = :username */ select
            u1_0.id,
            u1_0.avatar,
            u1_0.created_at,
            u1_0.email,
            u1_0.firstname,
            u1_0.hashed_password,
            u1_0.is_active,
            u1_0.last_active,
            u1_0.lastname,
            u1_0.phone,
            u1_0.role,
            u1_0.username 
        from
            users u1_0 
        where
            u1_0.username=?
2025-12-07T01:37:26.880+07:00 DEBUG 6504 --- [minimarketpos] [http-nio-8080-exec-2] o.s.security.web.FilterChainProxy        : Secured GET /api/expenses
2025-12-07T01:37:26.880+07:00 DEBUG 6504 --- [minimarketpos] [http-nio-8080-exec-3] o.s.security.web.FilterChainProxy        : Secured GET /api/expenses/monthly-total?year=2025&month=12
2025-12-07T01:37:26.880+07:00 DEBUG 6504 --- [minimarketpos] [http-nio-8080-exec-2] o.s.web.servlet.DispatcherServlet        : GET "/api/expenses", parameters={}
2025-12-07T01:37:26.881+07:00 DEBUG 6504 --- [minimarketpos] [http-nio-8080-exec-2] s.w.s.m.m.a.RequestMappingHandlerMapping : Mapped to com.pos.minimarketpos.controller.ExpenseController#getAllExpenses()
2025-12-07T01:37:26.881+07:00 DEBUG 6504 --- [minimarketpos] [http-nio-8080-exec-3] o.s.web.servlet.DispatcherServlet        : GET "/api/expenses/monthly-total?year=2025&month=12", parameters={masked}
2025-12-07T01:37:26.881+07:00 DEBUG 6504 --- [minimarketpos] [http-nio-8080-exec-3] s.w.s.m.m.a.RequestMappingHandlerMapping : Mapped to com.pos.minimarketpos.controller.ExpenseController#getMonthlyTotal(int, int)
2025-12-07T01:37:26.881+07:00 DEBUG 6504 --- [minimarketpos] [http-nio-8080-exec-2] horizationManagerBeforeMethodInterceptor : Authorizing method invocation ReflectiveMethodInvocation: public org.springframework.http.ResponseEntity com.pos.minimarketpos.controller.ExpenseController.getAllExpenses(); target is of class [com.pos.minimarketpos.controller.ExpenseController]
2025-12-07T01:37:26.882+07:00 DEBUG 6504 --- [minimarketpos] [http-nio-8080-exec-2] horizationManagerBeforeMethodInterceptor : Authorized method invocation ReflectiveMethodInvocation: public org.springframework.http.ResponseEntity com.pos.minimarketpos.controller.ExpenseController.getAllExpenses(); target is of class [com.pos.minimarketpos.controller.ExpenseController]
2025-12-07T01:37:26.883+07:00 DEBUG 6504 --- [minimarketpos] [http-nio-8080-exec-3] horizationManagerBeforeMethodInterceptor : Authorizing method invocation ReflectiveMethodInvocation: public org.springframework.http.ResponseEntity com.pos.minimarketpos.controller.ExpenseController.getMonthlyTotal(int,int); target is of class [com.pos.minimarketpos.controller.ExpenseController]
2025-12-07T01:37:26.883+07:00 DEBUG 6504 --- [minimarketpos] [http-nio-8080-exec-3] horizationManagerBeforeMethodInterceptor : Authorized method invocation ReflectiveMethodInvocation: public org.springframework.http.ResponseEntity com.pos.minimarketpos.controller.ExpenseController.getMonthlyTotal(int,int); target is of class [com.pos.minimarketpos.controller.ExpenseController]
2025-12-07T01:37:26.884+07:00 DEBUG 6504 --- [minimarketpos] [http-nio-8080-exec-2] org.hibernate.SQL                        : 
    /* <criteria> */ select
        e1_0.id,
        e1_0.amount,
        e1_0.attachment,
        e1_0.category_id,
        e1_0.created_by,
        e1_0.created_date,
        e1_0.date,
        e1_0.lunas,
        e1_0.note,
        e1_0.reference,
        e1_0.store_id 
    from
        expences e1_0
2025-12-07T01:37:26.890+07:00 DEBUG 6504 --- [minimarketpos] [http-nio-8080-exec-2] o.s.w.s.m.m.a.HttpEntityMethodProcessor  : Using 'application/json', given [application/json, text/plain, */*] and supported [application/json, application/*+json]
2025-12-07T01:37:26.890+07:00 DEBUG 6504 --- [minimarketpos] [http-nio-8080-exec-2] o.s.w.s.m.m.a.HttpEntityMethodProcessor  : Writing [[]]
2025-12-07T01:37:26.891+07:00 DEBUG 6504 --- [minimarketpos] [http-nio-8080-exec-2] o.s.web.servlet.DispatcherServlet        : Completed 200 OK
2025-12-07T01:37:26.929+07:00 DEBUG 6504 --- [minimarketpos] [http-nio-8080-exec-3] org.hibernate.SQL                        : 
    /* SELECT
        SUM(e.amount) 
    FROM
        Expense e 
    WHERE
        YEAR(e.date) = :year 
        AND MONTH(e.date) = :month */ select
            sum(e1_0.amount) 
        from
            expences e1_0 
        where
            year(e1_0.date)=? 
            and month(e1_0.date)=?
2025-12-07T01:37:26.932+07:00 DEBUG 6504 --- [minimarketpos] [http-nio-8080-exec-3] o.s.w.s.m.m.a.HttpEntityMethodProcessor  : Using 'application/json', given [application/json, text/plain, */*] and supported [application/json, application/*+json]
2025-12-07T01:37:26.933+07:00 DEBUG 6504 --- [minimarketpos] [http-nio-8080-exec-3] o.s.w.s.m.m.a.HttpEntityMethodProcessor  : Writing [0]
2025-12-07T01:37:26.933+07:00 DEBUG 6504 --- [minimarketpos] [http-nio-8080-exec-3] o.s.web.servlet.DispatcherServlet        : Completed 200 OK
2025-12-07T01:37:26.938+07:00 DEBUG 6504 --- [minimarketpos] [http-nio-8080-exec-4] o.s.security.web.FilterChainProxy        : Securing OPTIONS /api/expenses/unpaid/total
2025-12-07T01:37:26.944+07:00 DEBUG 6504 --- [minimarketpos] [http-nio-8080-exec-5] o.s.security.web.FilterChainProxy        : Securing GET /api/expenses/unpaid/total
2025-12-07T01:37:26.947+07:00 DEBUG 6504 --- [minimarketpos] [http-nio-8080-exec-5] org.hibernate.SQL                        : 
    /* SELECT
        u 
    FROM
        User u 
    WHERE
        u.username = :username */ select
            u1_0.id,
            u1_0.avatar,
            u1_0.created_at,
            u1_0.email,
            u1_0.firstname,
            u1_0.hashed_password,
            u1_0.is_active,
            u1_0.last_active,
            u1_0.lastname,
            u1_0.phone,
            u1_0.role,
            u1_0.username 
        from
            users u1_0 
        where
            u1_0.username=?
2025-12-07T01:37:26.950+07:00 DEBUG 6504 --- [minimarketpos] [http-nio-8080-exec-5] o.s.security.web.FilterChainProxy        : Secured GET /api/expenses/unpaid/total
2025-12-07T01:37:26.950+07:00 DEBUG 6504 --- [minimarketpos] [http-nio-8080-exec-5] o.s.web.servlet.DispatcherServlet        : GET "/api/expenses/unpaid/total", parameters={}
2025-12-07T01:37:26.950+07:00 DEBUG 6504 --- [minimarketpos] [http-nio-8080-exec-5] s.w.s.m.m.a.RequestMappingHandlerMapping : Mapped to com.pos.minimarketpos.controller.ExpenseController#getUnpaidTotal()
2025-12-07T01:37:26.951+07:00 DEBUG 6504 --- [minimarketpos] [http-nio-8080-exec-5] horizationManagerBeforeMethodInterceptor : Authorizing method invocation ReflectiveMethodInvocation: public org.springframework.http.ResponseEntity com.pos.minimarketpos.controller.ExpenseController.getUnpaidTotal(); target is of class [com.pos.minimarketpos.controller.ExpenseController]
2025-12-07T01:37:26.951+07:00 DEBUG 6504 --- [minimarketpos] [http-nio-8080-exec-5] horizationManagerBeforeMethodInterceptor : Authorized method invocation ReflectiveMethodInvocation: public org.springframework.http.ResponseEntity com.pos.minimarketpos.controller.ExpenseController.getUnpaidTotal(); target is of class [com.pos.minimarketpos.controller.ExpenseController]
2025-12-07T01:37:26.954+07:00 DEBUG 6504 --- [minimarketpos] [http-nio-8080-exec-5] org.hibernate.SQL                        : 
    /* SELECT
        e 
    FROM
        Expense e 
    WHERE
        e.lunas = :lunas */ select
            e1_0.id,
            e1_0.amount,
            e1_0.attachment,
            e1_0.category_id,
            e1_0.created_by,
            e1_0.created_date,
            e1_0.date,
            e1_0.lunas,
            e1_0.note,
            e1_0.reference,
            e1_0.store_id 
        from
            expences e1_0 
        where
            e1_0.lunas=?
2025-12-07T01:37:26.957+07:00 DEBUG 6504 --- [minimarketpos] [http-nio-8080-exec-5] o.s.w.s.m.m.a.HttpEntityMethodProcessor  : Using 'application/json', given [application/json, text/plain, */*] and supported [application/json, application/*+json]
2025-12-07T01:37:26.957+07:00 DEBUG 6504 --- [minimarketpos] [http-nio-8080-exec-5] o.s.w.s.m.m.a.HttpEntityMethodProcessor  : Writing [0]
2025-12-07T01:37:26.958+07:00 DEBUG 6504 --- [minimarketpos] [http-nio-8080-exec-5] o.s.web.servlet.DispatcherServlet        : Completed 200 OK
2025-12-07T01:37:27.891+07:00 DEBUG 6504 --- [minimarketpos] [http-nio-8080-exec-6] o.s.security.web.FilterChainProxy        : Securing GET /api/sales
2025-12-07T01:37:27.897+07:00 DEBUG 6504 --- [minimarketpos] [http-nio-8080-exec-6] org.hibernate.SQL                        : 
    /* SELECT
        u 
    FROM
        User u 
    WHERE
        u.username = :username */ select
            u1_0.id,
            u1_0.avatar,
            u1_0.created_at,
            u1_0.email,
            u1_0.firstname,
            u1_0.hashed_password,
            u1_0.is_active,
            u1_0.last_active,
            u1_0.lastname,
            u1_0.phone,
            u1_0.role,
            u1_0.username 
        from
            users u1_0 
        where
            u1_0.username=?
2025-12-07T01:37:27.901+07:00 DEBUG 6504 --- [minimarketpos] [http-nio-8080-exec-6] o.s.security.web.FilterChainProxy        : Secured GET /api/sales
2025-12-07T01:37:27.901+07:00 DEBUG 6504 --- [minimarketpos] [http-nio-8080-exec-6] o.s.web.servlet.DispatcherServlet        : GET "/api/sales", parameters={}
2025-12-07T01:37:27.902+07:00 DEBUG 6504 --- [minimarketpos] [http-nio-8080-exec-6] s.w.s.m.m.a.RequestMappingHandlerMapping : Mapped to com.pos.minimarketpos.controller.SalesController#getAllSales()
2025-12-07T01:37:27.902+07:00 DEBUG 6504 --- [minimarketpos] [http-nio-8080-exec-6] horizationManagerBeforeMethodInterceptor : Authorizing method invocation ReflectiveMethodInvocation: public org.springframework.http.ResponseEntity com.pos.minimarketpos.controller.SalesController.getAllSales(); target is of class [com.pos.minimarketpos.controller.SalesController]
2025-12-07T01:37:27.902+07:00 DEBUG 6504 --- [minimarketpos] [http-nio-8080-exec-6] horizationManagerBeforeMethodInterceptor : Authorized method invocation ReflectiveMethodInvocation: public org.springframework.http.ResponseEntity com.pos.minimarketpos.controller.SalesController.getAllSales(); target is of class [com.pos.minimarketpos.controller.SalesController]
2025-12-07T01:37:27.904+07:00 DEBUG 6504 --- [minimarketpos] [http-nio-8080-exec-6] org.hibernate.SQL                        : 
    /* <criteria> */ select
        s1_0.id,
        s1_0.client_id,
        s1_0.clientname,
        s1_0.cost,
        s1_0.created_at,
        s1_0.created_by,
        s1_0.discount,
        s1_0.discountamount,
        s1_0.firstpayement,
        s1_0.modified_at,
        s1_0.paid,
        s1_0.paidmethod,
        s1_0.register_id,
        s1_0.status,
        s1_0.subtotal,
        s1_0.tax,
        s1_0.taxamount,
        s1_0.total,
        s1_0.totalitems 
    from
        sales s1_0
2025-12-07T01:37:27.909+07:00 DEBUG 6504 --- [minimarketpos] [http-nio-8080-exec-6] o.s.w.s.m.m.a.HttpEntityMethodProcessor  : Using 'application/json', given [application/json, text/plain, */*] and supported [application/json, application/*+json]
2025-12-07T01:37:27.909+07:00 DEBUG 6504 --- [minimarketpos] [http-nio-8080-exec-6] o.s.w.s.m.m.a.HttpEntityMethodProcessor  : Writing [[SaleDTO(id=5, clientId=1, clientname=Walk-in Customer, cost=45000.00, subtotal=16000.00, tax=0, tax (truncated)...]
2025-12-07T01:37:27.910+07:00 DEBUG 6504 --- [minimarketpos] [http-nio-8080-exec-6] o.s.web.servlet.DispatcherServlet        : Completed 200 OK
2025-12-07T01:37:31.260+07:00 DEBUG 6504 --- [minimarketpos] [http-nio-8080-exec-7] o.s.security.web.FilterChainProxy        : Securing GET /api/products
2025-12-07T01:37:31.266+07:00 DEBUG 6504 --- [minimarketpos] [http-nio-8080-exec-7] org.hibernate.SQL                        : 
    /* SELECT
        u 
    FROM
        User u 
    WHERE
        u.username = :username */ select
            u1_0.id,
            u1_0.avatar,
            u1_0.created_at,
            u1_0.email,
            u1_0.firstname,
            u1_0.hashed_password,
            u1_0.is_active,
            u1_0.last_active,
            u1_0.lastname,
            u1_0.phone,
            u1_0.role,
            u1_0.username 
        from
            users u1_0 
        where
            u1_0.username=?
2025-12-07T01:37:31.269+07:00 DEBUG 6504 --- [minimarketpos] [http-nio-8080-exec-7] o.s.security.web.FilterChainProxy        : Secured GET /api/products
2025-12-07T01:37:31.269+07:00 DEBUG 6504 --- [minimarketpos] [http-nio-8080-exec-7] o.s.web.servlet.DispatcherServlet        : GET "/api/products", parameters={}
2025-12-07T01:37:31.270+07:00 DEBUG 6504 --- [minimarketpos] [http-nio-8080-exec-7] s.w.s.m.m.a.RequestMappingHandlerMapping : Mapped to com.pos.minimarketpos.controller.ProductController#getAllProducts(String, String)
2025-12-07T01:37:31.273+07:00 DEBUG 6504 --- [minimarketpos] [http-nio-8080-exec-7] org.hibernate.SQL                        : 
    /* <criteria> */ select
        p1_0.id,
        p1_0.alertqt,
        p1_0.category,
        p1_0.code,
        p1_0.color,
        p1_0.cost,
        p1_0.created_at,
        p1_0.description,
        p1_0.h_stores,
        p1_0.modified_at,
        p1_0.name,
        p1_0.photo,
        p1_0.photothumb,
        p1_0.price,
        p1_0.supplier,
        p1_0.tax,
        p1_0.taxmethod,
        p1_0.type,
        p1_0.unit 
    from
        products p1_0
2025-12-07T01:37:31.277+07:00 DEBUG 6504 --- [minimarketpos] [http-nio-8080-exec-7] org.hibernate.SQL                        : 
    /* SELECT
        s 
    FROM
        Stock s 
    WHERE
        s.productId = :productId */ select
            s1_0.id,
            s1_0.price,
            s1_0.product_id,
            s1_0.quantity,
            s1_0.store_id,
            s1_0.warehouse_id 
        from
            stocks s1_0 
        where
            s1_0.product_id=?
2025-12-07T01:37:31.279+07:00 DEBUG 6504 --- [minimarketpos] [http-nio-8080-exec-7] org.hibernate.SQL                        : 
    /* SELECT
        s 
    FROM
        Stock s 
    WHERE
        s.productId = :productId */ select
            s1_0.id,
            s1_0.price,
            s1_0.product_id,
            s1_0.quantity,
            s1_0.store_id,
            s1_0.warehouse_id 
        from
            stocks s1_0 
        where
            s1_0.product_id=?
2025-12-07T01:37:31.281+07:00 DEBUG 6504 --- [minimarketpos] [http-nio-8080-exec-7] o.s.w.s.m.m.a.HttpEntityMethodProcessor  : Using 'application/json', given [application/json, text/plain, */*] and supported [application/json, application/*+json]
2025-12-07T01:37:31.282+07:00 DEBUG 6504 --- [minimarketpos] [http-nio-8080-exec-7] o.s.w.s.m.m.a.HttpEntityMethodProcessor  : Writing [[ProductDTO(id=1, code=899100100, name=Kopi Susu 250ml, category=Minuman, cost=5000.00, price=8000.0 (truncated)...]
2025-12-07T01:37:31.283+07:00 DEBUG 6504 --- [minimarketpos] [http-nio-8080-exec-7] o.s.web.servlet.DispatcherServlet        : Completed 200 OK
2025-12-07T01:37:42.763+07:00 DEBUG 6504 --- [minimarketpos] [http-nio-8080-exec-8] o.s.security.web.FilterChainProxy        : Securing POST /api/auth/login
2025-12-07T01:37:42.767+07:00 ERROR 6504 --- [minimarketpos] [http-nio-8080-exec-8] c.p.m.security.JwtTokenProvider          : Expired JWT token
2025-12-07T01:37:42.767+07:00 DEBUG 6504 --- [minimarketpos] [http-nio-8080-exec-8] o.s.s.w.a.AnonymousAuthenticationFilter  : Set SecurityContextHolder to anonymous SecurityContext
2025-12-07T01:37:42.767+07:00 DEBUG 6504 --- [minimarketpos] [http-nio-8080-exec-8] o.s.security.web.FilterChainProxy        : Secured POST /api/auth/login
2025-12-07T01:37:42.767+07:00 DEBUG 6504 --- [minimarketpos] [http-nio-8080-exec-8] o.s.web.servlet.DispatcherServlet        : POST "/api/auth/login", parameters={}
2025-12-07T01:37:42.768+07:00 DEBUG 6504 --- [minimarketpos] [http-nio-8080-exec-8] s.w.s.m.m.a.RequestMappingHandlerMapping : Mapped to com.pos.minimarketpos.controller.AuthController#login(LoginRequest)
2025-12-07T01:37:42.768+07:00 DEBUG 6504 --- [minimarketpos] [http-nio-8080-exec-8] m.m.a.RequestResponseBodyMethodProcessor : Read "application/json;charset=UTF-8" to [LoginRequest(username=admin, password=admin123)]
2025-12-07T01:37:42.770+07:00 DEBUG 6504 --- [minimarketpos] [http-nio-8080-exec-8] org.hibernate.SQL                        : 
    /* SELECT
        u 
    FROM
        User u 
    WHERE
        u.username = :username */ select
            u1_0.id,
            u1_0.avatar,
            u1_0.created_at,
            u1_0.email,
            u1_0.firstname,
            u1_0.hashed_password,
            u1_0.is_active,
            u1_0.last_active,
            u1_0.lastname,
            u1_0.phone,
            u1_0.role,
            u1_0.username 
        from
            users u1_0 
        where
            u1_0.username=?
2025-12-07T01:37:43.092+07:00 DEBUG 6504 --- [minimarketpos] [http-nio-8080-exec-8] o.s.s.a.dao.DaoAuthenticationProvider    : Authenticated user
2025-12-07T01:37:43.095+07:00 DEBUG 6504 --- [minimarketpos] [http-nio-8080-exec-8] org.hibernate.SQL                        : 
    /* SELECT
        u 
    FROM
        User u 
    WHERE
        u.username = :username */ select
            u1_0.id,
            u1_0.avatar,
            u1_0.created_at,
            u1_0.email,
            u1_0.firstname,
            u1_0.hashed_password,
            u1_0.is_active,
            u1_0.last_active,
            u1_0.lastname,
            u1_0.phone,
            u1_0.role,
            u1_0.username 
        from
            users u1_0 
        where
            u1_0.username=?
2025-12-07T01:37:43.098+07:00 DEBUG 6504 --- [minimarketpos] [http-nio-8080-exec-8] org.hibernate.SQL                        : 
    /* update
        
    for
        com.pos.minimarketpos.model.User */update users 
    set
        avatar=?,
        created_at=?,
        email=?,
        firstname=?,
        hashed_password=?,
        is_active=?,
        last_active=?,
        lastname=?,
        phone=?,
        role=?,
        username=? 
    where
        id=?
2025-12-07T01:37:43.102+07:00 DEBUG 6504 --- [minimarketpos] [http-nio-8080-exec-8] o.s.w.s.m.m.a.HttpEntityMethodProcessor  : Using 'application/json', given [*/*] and supported [application/json, application/*+json]
2025-12-07T01:37:43.102+07:00 DEBUG 6504 --- [minimarketpos] [http-nio-8080-exec-8] o.s.w.s.m.m.a.HttpEntityMethodProcessor  : Writing [AuthResponse(token=eyJhbGciOiJIUzM4NCJ9.eyJzdWIiOiJhZG1pbiIsImlhdCI6MTc2NTA0NjI2MywiZXhwIjoxNzY1MTMy (truncated)...]
2025-12-07T01:37:43.103+07:00 DEBUG 6504 --- [minimarketpos] [http-nio-8080-exec-8] o.s.web.servlet.DispatcherServlet        : Completed 200 OK
2025-12-07T01:37:50.033+07:00 DEBUG 6504 --- [minimarketpos] [http-nio-8080-exec-10] o.s.security.web.FilterChainProxy        : Securing GET /api/v1/stores
2025-12-07T01:37:50.035+07:00 DEBUG 6504 --- [minimarketpos] [http-nio-8080-exec-10] org.hibernate.SQL                        : 
    /* SELECT
        u 
    FROM
        User u 
    WHERE
        u.username = :username */ select
            u1_0.id,
            u1_0.avatar,
            u1_0.created_at,
            u1_0.email,
            u1_0.firstname,
            u1_0.hashed_password,
            u1_0.is_active,
            u1_0.last_active,
            u1_0.lastname,
            u1_0.phone,
            u1_0.role,
            u1_0.username 
        from
            users u1_0 
        where
            u1_0.username=?
2025-12-07T01:37:50.037+07:00 DEBUG 6504 --- [minimarketpos] [http-nio-8080-exec-10] o.s.security.web.FilterChainProxy        : Secured GET /api/v1/stores
2025-12-07T01:37:50.037+07:00 DEBUG 6504 --- [minimarketpos] [http-nio-8080-exec-10] o.s.web.servlet.DispatcherServlet        : GET "/api/v1/stores", parameters={}
2025-12-07T01:37:50.038+07:00 DEBUG 6504 --- [minimarketpos] [http-nio-8080-exec-10] s.w.s.m.m.a.RequestMappingHandlerMapping : Mapped to com.pos.minimarketpos.controller.StoreController#getAllStores()
2025-12-07T01:37:50.040+07:00 DEBUG 6504 --- [minimarketpos] [http-nio-8080-exec-10] org.hibernate.SQL                        : 
    /* <criteria> */ select
        s1_0.id,
        s1_0.address,
        s1_0.created_at,
        s1_0.footer_text,
        s1_0.name,
        s1_0.phone,
        s1_0.status,
        s1_0.updated_at 
    from
        stores s1_0
2025-12-07T01:37:50.116+07:00 DEBUG 6504 --- [minimarketpos] [http-nio-8080-exec-10] org.hibernate.SQL                        : 
    /* SELECT
        r 
    FROM
        Register r 
    WHERE
        r.store.id = :storeId 
        AND r.status = :status */ select
            r1_0.id,
            r1_0.cash_inhand,
            r1_0.cash_sub,
            r1_0.cash_total,
            r1_0.cc_sub,
            r1_0.cc_total,
            r1_0.cheque_sub,
            r1_0.cheque_total,
            r1_0.closed_at,
            r1_0.closed_by,
            r1_0.date,
            r1_0.note,
            r1_0.status,
            r1_0.store_id,
            r1_0.user_id 
        from
            registers r1_0 
        where
            r1_0.store_id=? 
            and r1_0.status=?
2025-12-07T01:37:50.120+07:00 DEBUG 6504 --- [minimarketpos] [http-nio-8080-exec-10] org.hibernate.SQL                        : 
    /* SELECT
        r 
    FROM
        Register r 
    WHERE
        r.store.id = :storeId 
        AND r.status = :status */ select
            r1_0.id,
            r1_0.cash_inhand,
            r1_0.cash_sub,
            r1_0.cash_total,
            r1_0.cc_sub,
            r1_0.cc_total,
            r1_0.cheque_sub,
            r1_0.cheque_total,
            r1_0.closed_at,
            r1_0.closed_by,
            r1_0.date,
            r1_0.note,
            r1_0.status,
            r1_0.store_id,
            r1_0.user_id 
        from
            registers r1_0 
        where
            r1_0.store_id=? 
            and r1_0.status=?
2025-12-07T01:37:50.123+07:00 DEBUG 6504 --- [minimarketpos] [http-nio-8080-exec-10] o.s.w.s.m.m.a.HttpEntityMethodProcessor  : Using 'application/json', given [*/*] and supported [application/json, application/*+json]
2025-12-07T01:37:50.124+07:00 DEBUG 6504 --- [minimarketpos] [http-nio-8080-exec-10] o.s.w.s.m.m.a.HttpEntityMethodProcessor  : Writing [[StoreDTO(id=1, name=Main Store - Updated, address=Jl. Pusat No. 1 Jakarta, phone=021-11112222, foot (truncated)...]
2025-12-07T01:37:50.127+07:00 DEBUG 6504 --- [minimarketpos] [http-nio-8080-exec-10] o.s.web.servlet.DispatcherServlet        : Completed 200 OK
2025-12-07T01:37:56.387+07:00 DEBUG 6504 --- [minimarketpos] [http-nio-8080-exec-1] o.s.security.web.FilterChainProxy        : Securing GET /api/products
2025-12-07T01:37:56.394+07:00 DEBUG 6504 --- [minimarketpos] [http-nio-8080-exec-1] org.hibernate.SQL                        : 
    /* SELECT
        u 
    FROM
        User u 
    WHERE
        u.username = :username */ select
            u1_0.id,
            u1_0.avatar,
            u1_0.created_at,
            u1_0.email,
            u1_0.firstname,
            u1_0.hashed_password,
            u1_0.is_active,
            u1_0.last_active,
            u1_0.lastname,
            u1_0.phone,
            u1_0.role,
            u1_0.username 
        from
            users u1_0 
        where
            u1_0.username=?
2025-12-07T01:37:56.398+07:00 DEBUG 6504 --- [minimarketpos] [http-nio-8080-exec-1] o.s.security.web.FilterChainProxy        : Secured GET /api/products
2025-12-07T01:37:56.398+07:00 DEBUG 6504 --- [minimarketpos] [http-nio-8080-exec-1] o.s.web.servlet.DispatcherServlet        : GET "/api/products", parameters={}
2025-12-07T01:37:56.398+07:00 DEBUG 6504 --- [minimarketpos] [http-nio-8080-exec-1] s.w.s.m.m.a.RequestMappingHandlerMapping : Mapped to com.pos.minimarketpos.controller.ProductController#getAllProducts(String, String)
2025-12-07T01:37:56.402+07:00 DEBUG 6504 --- [minimarketpos] [http-nio-8080-exec-1] org.hibernate.SQL                        : 
    /* <criteria> */ select
        p1_0.id,
        p1_0.alertqt,
        p1_0.category,
        p1_0.code,
        p1_0.color,
        p1_0.cost,
        p1_0.created_at,
        p1_0.description,
        p1_0.h_stores,
        p1_0.modified_at,
        p1_0.name,
        p1_0.photo,
        p1_0.photothumb,
        p1_0.price,
        p1_0.supplier,
        p1_0.tax,
        p1_0.taxmethod,
        p1_0.type,
        p1_0.unit 
    from
        products p1_0
2025-12-07T01:37:56.407+07:00 DEBUG 6504 --- [minimarketpos] [http-nio-8080-exec-1] org.hibernate.SQL                        : 
    /* SELECT
        s 
    FROM
        Stock s 
    WHERE
        s.productId = :productId */ select
            s1_0.id,
            s1_0.price,
            s1_0.product_id,
            s1_0.quantity,
            s1_0.store_id,
            s1_0.warehouse_id 
        from
            stocks s1_0 
        where
            s1_0.product_id=?
2025-12-07T01:37:56.410+07:00 DEBUG 6504 --- [minimarketpos] [http-nio-8080-exec-1] org.hibernate.SQL                        : 
    /* SELECT
        s 
    FROM
        Stock s 
    WHERE
        s.productId = :productId */ select
            s1_0.id,
            s1_0.price,
            s1_0.product_id,
            s1_0.quantity,
            s1_0.store_id,
            s1_0.warehouse_id 
        from
            stocks s1_0 
        where
            s1_0.product_id=?
2025-12-07T01:37:56.414+07:00 DEBUG 6504 --- [minimarketpos] [http-nio-8080-exec-1] o.s.w.s.m.m.a.HttpEntityMethodProcessor  : Using 'application/json', given [*/*] and supported [application/json, application/*+json]
2025-12-07T01:37:56.414+07:00 DEBUG 6504 --- [minimarketpos] [http-nio-8080-exec-1] o.s.w.s.m.m.a.HttpEntityMethodProcessor  : Writing [[ProductDTO(id=1, code=899100100, name=Kopi Susu 250ml, category=Minuman, cost=5000.00, price=8000.0 (truncated)...]
2025-12-07T01:37:56.415+07:00 DEBUG 6504 --- [minimarketpos] [http-nio-8080-exec-1] o.s.web.servlet.DispatcherServlet        : Completed 200 OK
2025-12-07T01:38:32.678+07:00  INFO 6504 --- [minimarketpos] [SpringApplicationShutdownHook] o.s.boot.tomcat.GracefulShutdown         : Commencing graceful shutdown. Waiting for active requests to complete
2025-12-07T01:38:32.682+07:00  INFO 6504 --- [minimarketpos] [tomcat-shutdown] o.s.boot.tomcat.GracefulShutdown         : Graceful shutdown complete
2025-12-07T01:38:32.689+07:00  INFO 6504 --- [minimarketpos] [SpringApplicationShutdownHook] j.LocalContainerEntityManagerFactoryBean : Closing JPA EntityManagerFactory for persistence unit 'default'
2025-12-07T01:38:32.692+07:00  INFO 6504 --- [minimarketpos] [SpringApplicationShutdownHook] com.zaxxer.hikari.HikariDataSource       : HikariPool-1 - Shutdown initiated...
2025-12-07T01:38:32.698+07:00  INFO 6504 --- [minimarketpos] [SpringApplicationShutdownHook] com.zaxxer.hikari.HikariDataSource       : HikariPool-1 - Shutdown completed.
